<?xml version="1.0" encoding="UTF-8"?>
<!-- Generated by org.testng.reporters.JUnitXMLReporter -->
<testsuite hostname="MAVBCP323" ignored="0" name="Test" tests="9" failures="0" timestamp="2020-07-02T18:47:58 IST" time="0.071" errors="0">
  <testcase name="mul" time="0.02" classname="com.java.scubaPackage.Calculator"/>
  <testcase name="sub" time="0.02" classname="com.java.scubaPackage.Calculator"/>
  <testcase name="divReal" time="0.02" classname="com.java.scubaPackage.Calculator"/>
  <testcase name="divInt" time="0.02" classname="com.java.scubaPackage.Calculator"/>
  <testcase name="add" time="0.02" classname="com.java.scubaPackage.Calculator"/>
  <testcase name="exp" time="0.001" classname="com.java.scubaPackage.NewCalculator"/>
  <testcase name="inverse" time="0.001" classname="com.java.scubaPackage.NewCalculator"/>
  <testcase name="negate" time="0.001" classname="com.java.scubaPackage.NewCalculator"/>
  <testcase name="mod" time="0.001" classname="com.java.scubaPackage.NewCalculator"/>
</testsuite> <!-- Test -->
